Reading table information for completion of table and column names
You can turn off this feature to get a quicker startup with -A

Welcome to the MySQL monitor.  Commands end with ; or \g.
Your MySQL connection id is 81
Server version: 5.5.34-0ubuntu0.12.04.1 (Ubuntu)

Copyright (c) 2000, 2013, Oracle and/or its affiliates. All rights reserved.

Oracle is a registered trademark of Oracle Corporation and/or its
affiliates. Other names may be trademarks of their respective
owners.

Type 'help;' or '\h' for help. Type '\c' to clear the current input statement.

mysql> show databases;
+--------------------+
| Database           |
+--------------------+
| information_schema |
| cookbook           |
| test               |
+--------------------+
3 rows in set (0.00 sec)

mysql> show tables;
+--------------------+
| Tables_in_cookbook |
+--------------------+
| counter            |
| limbs              |
+--------------------+
2 rows in set (0.00 sec)

mysql> exit;
